<?xml version="1.0" encoding="UTF-8"?>
<testsuite xmlns:xsi="http://www.w3.org/2001/XMLSchema-instance" xsi:noNamespaceSchemaLocation="https://maven.apache.org/surefire/maven-surefire-plugin/xsd/surefire-test-report.xsd" name="co.udea.api.hero.service.HeroServiceTest" time="1.242" tests="6" errors="0" skipped="0" failures="0">
  <properties>
    <property name="java.specification.version" value="17"/>
    <property name="sun.cpu.isalist" value="amd64"/>
    <property name="sonar.host.url" value="https://sonarcloud.io"/>
    <property name="sun.jnu.encoding" value="Cp1252"/>
    <property name="java.class.path" value="C:\Users\Sneid\Desktop\Proyecto Integrador I\Prueba final\tour-of-heroes-api\target\test-classes;C:\Users\Sneid\Desktop\Proyecto Integrador I\Prueba final\tour-of-heroes-api\target\classes;C:\Users\Sneid\.m2\repository\org\springframework\boot\spring-boot-starter-web\2.4.4\spring-boot-starter-web-2.4.4.jar;C:\Users\Sneid\.m2\repository\org\springframework\boot\spring-boot-starter\2.4.4\spring-boot-starter-2.4.4.jar;C:\Users\Sneid\.m2\repository\org\springframework\boot\spring-boot\2.4.4\spring-boot-2.4.4.jar;C:\Users\Sneid\.m2\repository\org\springframework\boot\spring-boot-autoconfigure\2.4.4\spring-boot-autoconfigure-2.4.4.jar;C:\Users\Sneid\.m2\repository\org\springframework\boot\spring-boot-starter-logging\2.4.4\spring-boot-starter-logging-2.4.4.jar;C:\Users\Sneid\.m2\repository\ch\qos\logback\logback-classic\1.2.3\logback-classic-1.2.3.jar;C:\Users\Sneid\.m2\repository\ch\qos\logback\logback-core\1.2.3\logback-core-1.2.3.jar;C:\Users\Sneid\.m2\repository\org\apache\logging\log4j\log4j-to-slf4j\2.13.3\log4j-to-slf4j-2.13.3.jar;C:\Users\Sneid\.m2\repository\org\apache\logging\log4j\log4j-api\2.13.3\log4j-api-2.13.3.jar;C:\Users\Sneid\.m2\repository\org\slf4j\jul-to-slf4j\1.7.30\jul-to-slf4j-1.7.30.jar;C:\Users\Sneid\.m2\repository\org\yaml\snakeyaml\1.27\snakeyaml-1.27.jar;C:\Users\Sneid\.m2\repository\org\springframework\boot\spring-boot-starter-json\2.4.4\spring-boot-starter-json-2.4.4.jar;C:\Users\Sneid\.m2\repository\com\fasterxml\jackson\core\jackson-databind\2.11.4\jackson-databind-2.11.4.jar;C:\Users\Sneid\.m2\repository\com\fasterxml\jackson\core\jackson-core\2.11.4\jackson-core-2.11.4.jar;C:\Users\Sneid\.m2\repository\com\fasterxml\jackson\datatype\jackson-datatype-jdk8\2.11.4\jackson-datatype-jdk8-2.11.4.jar;C:\Users\Sneid\.m2\repository\com\fasterxml\jackson\datatype\jackson-datatype-jsr310\2.11.4\jackson-datatype-jsr310-2.11.4.jar;C:\Users\Sneid\.m2\repository\com\fasterxml\jackson\module\jackson-module-parameter-names\2.11.4\jackson-module-parameter-names-2.11.4.jar;C:\Users\Sneid\.m2\repository\org\springframework\spring-web\5.3.5\spring-web-5.3.5.jar;C:\Users\Sneid\.m2\repository\org\springframework\spring-beans\5.3.5\spring-beans-5.3.5.jar;C:\Users\Sneid\.m2\repository\org\springframework\spring-webmvc\5.3.5\spring-webmvc-5.3.5.jar;C:\Users\Sneid\.m2\repository\org\springframework\spring-aop\5.3.5\spring-aop-5.3.5.jar;C:\Users\Sneid\.m2\repository\org\springframework\spring-context\5.3.5\spring-context-5.3.5.jar;C:\Users\Sneid\.m2\repository\org\springframework\spring-expression\5.3.5\spring-expression-5.3.5.jar;C:\Users\Sneid\.m2\repository\org\springframework\boot\spring-boot-starter-tomcat\2.4.4\spring-boot-starter-tomcat-2.4.4.jar;C:\Users\Sneid\.m2\repository\jakarta\annotation\jakarta.annotation-api\1.3.5\jakarta.annotation-api-1.3.5.jar;C:\Users\Sneid\.m2\repository\org\apache\tomcat\embed\tomcat-embed-core\9.0.44\tomcat-embed-core-9.0.44.jar;C:\Users\Sneid\.m2\repository\org\glassfish\jakarta.el\3.0.3\jakarta.el-3.0.3.jar;C:\Users\Sneid\.m2\repository\org\apache\tomcat\embed\tomcat-embed-websocket\9.0.44\tomcat-embed-websocket-9.0.44.jar;C:\Users\Sneid\.m2\repository\org\springframework\boot\spring-boot-starter-test\2.4.4\spring-boot-starter-test-2.4.4.jar;C:\Users\Sneid\.m2\repository\org\springframework\boot\spring-boot-test\2.4.4\spring-boot-test-2.4.4.jar;C:\Users\Sneid\.m2\repository\org\springframework\boot\spring-boot-test-autoconfigure\2.4.4\spring-boot-test-autoconfigure-2.4.4.jar;C:\Users\Sneid\.m2\repository\com\jayway\jsonpath\json-path\2.4.0\json-path-2.4.0.jar;C:\Users\Sneid\.m2\repository\net\minidev\json-smart\2.3\json-smart-2.3.jar;C:\Users\Sneid\.m2\repository\net\minidev\accessors-smart\1.2\accessors-smart-1.2.jar;C:\Users\Sneid\.m2\repository\jakarta\xml\bind\jakarta.xml.bind-api\2.3.3\jakarta.xml.bind-api-2.3.3.jar;C:\Users\Sneid\.m2\repository\jakarta\activation\jakarta.activation-api\1.2.2\jakarta.activation-api-1.2.2.jar;C:\Users\Sneid\.m2\repository\org\assertj\assertj-core\3.18.1\assertj-core-3.18.1.jar;C:\Users\Sneid\.m2\repository\org\hamcrest\hamcrest\2.2\hamcrest-2.2.jar;C:\Users\Sneid\.m2\repository\org\junit\jupiter\junit-jupiter\5.7.1\junit-jupiter-5.7.1.jar;C:\Users\Sneid\.m2\repository\org\junit\jupiter\junit-jupiter-api\5.7.1\junit-jupiter-api-5.7.1.jar;C:\Users\Sneid\.m2\repository\org\apiguardian\apiguardian-api\1.1.0\apiguardian-api-1.1.0.jar;C:\Users\Sneid\.m2\repository\org\opentest4j\opentest4j\1.2.0\opentest4j-1.2.0.jar;C:\Users\Sneid\.m2\repository\org\junit\platform\junit-platform-commons\1.7.1\junit-platform-commons-1.7.1.jar;C:\Users\Sneid\.m2\repository\org\junit\jupiter\junit-jupiter-params\5.7.1\junit-jupiter-params-5.7.1.jar;C:\Users\Sneid\.m2\repository\org\junit\jupiter\junit-jupiter-engine\5.7.1\junit-jupiter-engine-5.7.1.jar;C:\Users\Sneid\.m2\repository\org\junit\platform\junit-platform-engine\1.7.1\junit-platform-engine-1.7.1.jar;C:\Users\Sneid\.m2\repository\org\mockito\mockito-core\3.6.28\mockito-core-3.6.28.jar;C:\Users\Sneid\.m2\repository\net\bytebuddy\byte-buddy\1.10.22\byte-buddy-1.10.22.jar;C:\Users\Sneid\.m2\repository\net\bytebuddy\byte-buddy-agent\1.10.22\byte-buddy-agent-1.10.22.jar;C:\Users\Sneid\.m2\repository\org\objenesis\objenesis\3.1\objenesis-3.1.jar;C:\Users\Sneid\.m2\repository\org\mockito\mockito-junit-jupiter\3.6.28\mockito-junit-jupiter-3.6.28.jar;C:\Users\Sneid\.m2\repository\org\skyscreamer\jsonassert\1.5.0\jsonassert-1.5.0.jar;C:\Users\Sneid\.m2\repository\com\vaadin\external\google\android-json\0.0.20131108.vaadin1\android-json-0.0.20131108.vaadin1.jar;C:\Users\Sneid\.m2\repository\org\springframework\spring-core\5.3.5\spring-core-5.3.5.jar;C:\Users\Sneid\.m2\repository\org\springframework\spring-jcl\5.3.5\spring-jcl-5.3.5.jar;C:\Users\Sneid\.m2\repository\org\springframework\spring-test\5.3.5\spring-test-5.3.5.jar;C:\Users\Sneid\.m2\repository\org\xmlunit\xmlunit-core\2.7.0\xmlunit-core-2.7.0.jar;C:\Users\Sneid\.m2\repository\org\springframework\boot\spring-boot-starter-data-jpa\2.4.4\spring-boot-starter-data-jpa-2.4.4.jar;C:\Users\Sneid\.m2\repository\org\springframework\boot\spring-boot-starter-aop\2.4.4\spring-boot-starter-aop-2.4.4.jar;C:\Users\Sneid\.m2\repository\org\aspectj\aspectjweaver\1.9.6\aspectjweaver-1.9.6.jar;C:\Users\Sneid\.m2\repository\org\springframework\boot\spring-boot-starter-jdbc\2.4.4\spring-boot-starter-jdbc-2.4.4.jar;C:\Users\Sneid\.m2\repository\org\springframework\spring-jdbc\5.3.5\spring-jdbc-5.3.5.jar;C:\Users\Sneid\.m2\repository\jakarta\transaction\jakarta.transaction-api\1.3.3\jakarta.transaction-api-1.3.3.jar;C:\Users\Sneid\.m2\repository\jakarta\persistence\jakarta.persistence-api\2.2.3\jakarta.persistence-api-2.2.3.jar;C:\Users\Sneid\.m2\repository\org\hibernate\hibernate-core\5.4.29.Final\hibernate-core-5.4.29.Final.jar;C:\Users\Sneid\.m2\repository\org\jboss\logging\jboss-logging\3.4.1.Final\jboss-logging-3.4.1.Final.jar;C:\Users\Sneid\.m2\repository\org\javassist\javassist\3.27.0-GA\javassist-3.27.0-GA.jar;C:\Users\Sneid\.m2\repository\antlr\antlr\2.7.7\antlr-2.7.7.jar;C:\Users\Sneid\.m2\repository\org\jboss\jandex\2.2.3.Final\jandex-2.2.3.Final.jar;C:\Users\Sneid\.m2\repository\org\dom4j\dom4j\2.1.3\dom4j-2.1.3.jar;C:\Users\Sneid\.m2\repository\org\hibernate\common\hibernate-commons-annotations\5.1.2.Final\hibernate-commons-annotations-5.1.2.Final.jar;C:\Users\Sneid\.m2\repository\org\glassfish\jaxb\jaxb-runtime\2.3.3\jaxb-runtime-2.3.3.jar;C:\Users\Sneid\.m2\repository\org\glassfish\jaxb\txw2\2.3.3\txw2-2.3.3.jar;C:\Users\Sneid\.m2\repository\com\sun\istack\istack-commons-runtime\3.0.11\istack-commons-runtime-3.0.11.jar;C:\Users\Sneid\.m2\repository\com\sun\activation\jakarta.activation\1.2.2\jakarta.activation-1.2.2.jar;C:\Users\Sneid\.m2\repository\org\springframework\data\spring-data-jpa\2.4.6\spring-data-jpa-2.4.6.jar;C:\Users\Sneid\.m2\repository\org\springframework\data\spring-data-commons\2.4.6\spring-data-commons-2.4.6.jar;C:\Users\Sneid\.m2\repository\org\springframework\spring-orm\5.3.5\spring-orm-5.3.5.jar;C:\Users\Sneid\.m2\repository\org\springframework\spring-tx\5.3.5\spring-tx-5.3.5.jar;C:\Users\Sneid\.m2\repository\org\springframework\spring-aspects\5.3.5\spring-aspects-5.3.5.jar;C:\Users\Sneid\.m2\repository\org\postgresql\postgresql\42.6.0\postgresql-42.6.0.jar;C:\Users\Sneid\.m2\repository\org\checkerframework\checker-qual\3.31.0\checker-qual-3.31.0.jar;C:\Users\Sneid\.m2\repository\com\zaxxer\HikariCP\3.4.5\HikariCP-3.4.5.jar;C:\Users\Sneid\.m2\repository\org\slf4j\slf4j-api\1.7.30\slf4j-api-1.7.30.jar;C:\Users\Sneid\.m2\repository\io\springfox\springfox-swagger2\2.9.2\springfox-swagger2-2.9.2.jar;C:\Users\Sneid\.m2\repository\io\swagger\swagger-annotations\1.5.20\swagger-annotations-1.5.20.jar;C:\Users\Sneid\.m2\repository\io\swagger\swagger-models\1.5.20\swagger-models-1.5.20.jar;C:\Users\Sneid\.m2\repository\com\fasterxml\jackson\core\jackson-annotations\2.11.4\jackson-annotations-2.11.4.jar;C:\Users\Sneid\.m2\repository\io\springfox\springfox-spi\2.9.2\springfox-spi-2.9.2.jar;C:\Users\Sneid\.m2\repository\io\springfox\springfox-core\2.9.2\springfox-core-2.9.2.jar;C:\Users\Sneid\.m2\repository\io\springfox\springfox-schema\2.9.2\springfox-schema-2.9.2.jar;C:\Users\Sneid\.m2\repository\io\springfox\springfox-swagger-common\2.9.2\springfox-swagger-common-2.9.2.jar;C:\Users\Sneid\.m2\repository\io\springfox\springfox-spring-web\2.9.2\springfox-spring-web-2.9.2.jar;C:\Users\Sneid\.m2\repository\com\google\guava\guava\20.0\guava-20.0.jar;C:\Users\Sneid\.m2\repository\com\fasterxml\classmate\1.5.1\classmate-1.5.1.jar;C:\Users\Sneid\.m2\repository\org\springframework\plugin\spring-plugin-core\1.2.0.RELEASE\spring-plugin-core-1.2.0.RELEASE.jar;C:\Users\Sneid\.m2\repository\org\springframework\plugin\spring-plugin-metadata\1.2.0.RELEASE\spring-plugin-metadata-1.2.0.RELEASE.jar;C:\Users\Sneid\.m2\repository\org\mapstruct\mapstruct\1.2.0.Final\mapstruct-1.2.0.Final.jar;C:\Users\Sneid\.m2\repository\io\springfox\springfox-swagger-ui\2.9.2\springfox-swagger-ui-2.9.2.jar;C:\Users\Sneid\.m2\repository\mysql\mysql-connector-java\8.0.26\mysql-connector-java-8.0.26.jar;C:\Users\Sneid\.m2\repository\org\projectlombok\lombok\1.18.26\lombok-1.18.26.jar;C:\Users\Sneid\.m2\repository\jakarta\validation\jakarta.validation-api\3.0.2\jakarta.validation-api-3.0.2.jar;C:\Users\Sneid\.m2\repository\junit\junit\4.13.2\junit-4.13.2.jar;C:\Users\Sneid\.m2\repository\org\hamcrest\hamcrest-core\2.2\hamcrest-core-2.2.jar;C:\Users\Sneid\.m2\repository\org\jacoco\jacoco-maven-plugin\0.8.9\jacoco-maven-plugin-0.8.9.jar;C:\Users\Sneid\.m2\repository\org\codehaus\plexus\plexus-utils\3.0.24\plexus-utils-3.0.24.jar;C:\Users\Sneid\.m2\repository\org\apache\maven\shared\file-management\1.2.1\file-management-1.2.1.jar;C:\Users\Sneid\.m2\repository\org\apache\maven\maven-plugin-api\2.0.6\maven-plugin-api-2.0.6.jar;C:\Users\Sneid\.m2\repository\org\apache\maven\shared\maven-shared-io\1.1\maven-shared-io-1.1.jar;C:\Users\Sneid\.m2\repository\org\apache\maven\maven-artifact\2.0.2\maven-artifact-2.0.2.jar;C:\Users\Sneid\.m2\repository\org\apache\maven\maven-artifact-manager\2.0.2\maven-artifact-manager-2.0.2.jar;C:\Users\Sneid\.m2\repository\org\apache\maven\maven-repository-metadata\2.0.2\maven-repository-metadata-2.0.2.jar;C:\Users\Sneid\.m2\repository\org\apache\maven\wagon\wagon-provider-api\1.0-alpha-6\wagon-provider-api-1.0-alpha-6.jar;C:\Users\Sneid\.m2\repository\org\codehaus\plexus\plexus-container-default\1.0-alpha-9\plexus-container-default-1.0-alpha-9.jar;C:\Users\Sneid\.m2\repository\classworlds\classworlds\1.1-alpha-2\classworlds-1.1-alpha-2.jar;C:\Users\Sneid\.m2\repository\org\apache\maven\reporting\maven-reporting-api\3.0\maven-reporting-api-3.0.jar;C:\Users\Sneid\.m2\repository\org\apache\maven\doxia\doxia-sink-api\1.0\doxia-sink-api-1.0.jar;C:\Users\Sneid\.m2\repository\org\jacoco\org.jacoco.agent\0.8.9\org.jacoco.agent-0.8.9-runtime.jar;C:\Users\Sneid\.m2\repository\org\jacoco\org.jacoco.core\0.8.9\org.jacoco.core-0.8.9.jar;C:\Users\Sneid\.m2\repository\org\ow2\asm\asm\9.5\asm-9.5.jar;C:\Users\Sneid\.m2\repository\org\ow2\asm\asm-commons\9.5\asm-commons-9.5.jar;C:\Users\Sneid\.m2\repository\org\ow2\asm\asm-tree\9.5\asm-tree-9.5.jar;C:\Users\Sneid\.m2\repository\org\jacoco\org.jacoco.report\0.8.9\org.jacoco.report-0.8.9.jar;C:\Users\Sneid\.m2\repository\org\sonarsource\scanner\maven\sonar-maven-plugin\3.9.1.2184\sonar-maven-plugin-3.9.1.2184.jar;C:\Users\Sneid\.m2\repository\org\sonatype\plexus\plexus-sec-dispatcher\1.4\plexus-sec-dispatcher-1.4.jar;C:\Users\Sneid\.m2\repository\org\sonatype\plexus\plexus-cipher\1.4\plexus-cipher-1.4.jar;C:\Users\Sneid\.m2\repository\org\sonarsource\scanner\api\sonar-scanner-api\2.16.2.588\sonar-scanner-api-2.16.2.588.jar;C:\Users\Sneid\.m2\repository\commons-lang\commons-lang\2.6\commons-lang-2.6.jar;"/>
    <property name="java.vm.vendor" value="Eclipse Adoptium"/>
    <property name="sun.arch.data.model" value="64"/>
    <property name="user.variant" value=""/>
    <property name="java.vendor.url" value="https://adoptium.net/"/>
    <property name="user.timezone" value="America/Bogota"/>
    <property name="os.name" value="Windows 11"/>
    <property name="java.vm.specification.version" value="17"/>
    <property name="sun.java.launcher" value="SUN_STANDARD"/>
    <property name="user.country" value="CO"/>
    <property name="sun.boot.library.path" value="C:\Program Files\Eclipse Adoptium\jdk-17.0.2.8-hotspot\bin"/>
    <property name="sun.java.command" value="C:\Users\Sneid\AppData\Local\Temp\surefire2345396466097538842\surefirebooter5238549402701684343.jar C:\Users\Sneid\AppData\Local\Temp\surefire2345396466097538842 2023-04-17T01-03-25_845-jvmRun1 surefire1840508922161400375tmp surefire_0847332596533765701tmp"/>
    <property name="jdk.debug" value="release"/>
    <property name="surefire.test.class.path" value="C:\Users\Sneid\Desktop\Proyecto Integrador I\Prueba final\tour-of-heroes-api\target\test-classes;C:\Users\Sneid\Desktop\Proyecto Integrador I\Prueba final\tour-of-heroes-api\target\classes;C:\Users\Sneid\.m2\repository\org\springframework\boot\spring-boot-starter-web\2.4.4\spring-boot-starter-web-2.4.4.jar;C:\Users\Sneid\.m2\repository\org\springframework\boot\spring-boot-starter\2.4.4\spring-boot-starter-2.4.4.jar;C:\Users\Sneid\.m2\repository\org\springframework\boot\spring-boot\2.4.4\spring-boot-2.4.4.jar;C:\Users\Sneid\.m2\repository\org\springframework\boot\spring-boot-autoconfigure\2.4.4\spring-boot-autoconfigure-2.4.4.jar;C:\Users\Sneid\.m2\repository\org\springframework\boot\spring-boot-starter-logging\2.4.4\spring-boot-starter-logging-2.4.4.jar;C:\Users\Sneid\.m2\repository\ch\qos\logback\logback-classic\1.2.3\logback-classic-1.2.3.jar;C:\Users\Sneid\.m2\repository\ch\qos\logback\logback-core\1.2.3\logback-core-1.2.3.jar;C:\Users\Sneid\.m2\repository\org\apache\logging\log4j\log4j-to-slf4j\2.13.3\log4j-to-slf4j-2.13.3.jar;C:\Users\Sneid\.m2\repository\org\apache\logging\log4j\log4j-api\2.13.3\log4j-api-2.13.3.jar;C:\Users\Sneid\.m2\repository\org\slf4j\jul-to-slf4j\1.7.30\jul-to-slf4j-1.7.30.jar;C:\Users\Sneid\.m2\repository\org\yaml\snakeyaml\1.27\snakeyaml-1.27.jar;C:\Users\Sneid\.m2\repository\org\springframework\boot\spring-boot-starter-json\2.4.4\spring-boot-starter-json-2.4.4.jar;C:\Users\Sneid\.m2\repository\com\fasterxml\jackson\core\jackson-databind\2.11.4\jackson-databind-2.11.4.jar;C:\Users\Sneid\.m2\repository\com\fasterxml\jackson\core\jackson-core\2.11.4\jackson-core-2.11.4.jar;C:\Users\Sneid\.m2\repository\com\fasterxml\jackson\datatype\jackson-datatype-jdk8\2.11.4\jackson-datatype-jdk8-2.11.4.jar;C:\Users\Sneid\.m2\repository\com\fasterxml\jackson\datatype\jackson-datatype-jsr310\2.11.4\jackson-datatype-jsr310-2.11.4.jar;C:\Users\Sneid\.m2\repository\com\fasterxml\jackson\module\jackson-module-parameter-names\2.11.4\jackson-module-parameter-names-2.11.4.jar;C:\Users\Sneid\.m2\repository\org\springframework\spring-web\5.3.5\spring-web-5.3.5.jar;C:\Users\Sneid\.m2\repository\org\springframework\spring-beans\5.3.5\spring-beans-5.3.5.jar;C:\Users\Sneid\.m2\repository\org\springframework\spring-webmvc\5.3.5\spring-webmvc-5.3.5.jar;C:\Users\Sneid\.m2\repository\org\springframework\spring-aop\5.3.5\spring-aop-5.3.5.jar;C:\Users\Sneid\.m2\repository\org\springframework\spring-context\5.3.5\spring-context-5.3.5.jar;C:\Users\Sneid\.m2\repository\org\springframework\spring-expression\5.3.5\spring-expression-5.3.5.jar;C:\Users\Sneid\.m2\repository\org\springframework\boot\spring-boot-starter-tomcat\2.4.4\spring-boot-starter-tomcat-2.4.4.jar;C:\Users\Sneid\.m2\repository\jakarta\annotation\jakarta.annotation-api\1.3.5\jakarta.annotation-api-1.3.5.jar;C:\Users\Sneid\.m2\repository\org\apache\tomcat\embed\tomcat-embed-core\9.0.44\tomcat-embed-core-9.0.44.jar;C:\Users\Sneid\.m2\repository\org\glassfish\jakarta.el\3.0.3\jakarta.el-3.0.3.jar;C:\Users\Sneid\.m2\repository\org\apache\tomcat\embed\tomcat-embed-websocket\9.0.44\tomcat-embed-websocket-9.0.44.jar;C:\Users\Sneid\.m2\repository\org\springframework\boot\spring-boot-starter-test\2.4.4\spring-boot-starter-test-2.4.4.jar;C:\Users\Sneid\.m2\repository\org\springframework\boot\spring-boot-test\2.4.4\spring-boot-test-2.4.4.jar;C:\Users\Sneid\.m2\repository\org\springframework\boot\spring-boot-test-autoconfigure\2.4.4\spring-boot-test-autoconfigure-2.4.4.jar;C:\Users\Sneid\.m2\repository\com\jayway\jsonpath\json-path\2.4.0\json-path-2.4.0.jar;C:\Users\Sneid\.m2\repository\net\minidev\json-smart\2.3\json-smart-2.3.jar;C:\Users\Sneid\.m2\repository\net\minidev\accessors-smart\1.2\accessors-smart-1.2.jar;C:\Users\Sneid\.m2\repository\jakarta\xml\bind\jakarta.xml.bind-api\2.3.3\jakarta.xml.bind-api-2.3.3.jar;C:\Users\Sneid\.m2\repository\jakarta\activation\jakarta.activation-api\1.2.2\jakarta.activation-api-1.2.2.jar;C:\Users\Sneid\.m2\repository\org\assertj\assertj-core\3.18.1\assertj-core-3.18.1.jar;C:\Users\Sneid\.m2\repository\org\hamcrest\hamcrest\2.2\hamcrest-2.2.jar;C:\Users\Sneid\.m2\repository\org\junit\jupiter\junit-jupiter\5.7.1\junit-jupiter-5.7.1.jar;C:\Users\Sneid\.m2\repository\org\junit\jupiter\junit-jupiter-api\5.7.1\junit-jupiter-api-5.7.1.jar;C:\Users\Sneid\.m2\repository\org\apiguardian\apiguardian-api\1.1.0\apiguardian-api-1.1.0.jar;C:\Users\Sneid\.m2\repository\org\opentest4j\opentest4j\1.2.0\opentest4j-1.2.0.jar;C:\Users\Sneid\.m2\repository\org\junit\platform\junit-platform-commons\1.7.1\junit-platform-commons-1.7.1.jar;C:\Users\Sneid\.m2\repository\org\junit\jupiter\junit-jupiter-params\5.7.1\junit-jupiter-params-5.7.1.jar;C:\Users\Sneid\.m2\repository\org\junit\jupiter\junit-jupiter-engine\5.7.1\junit-jupiter-engine-5.7.1.jar;C:\Users\Sneid\.m2\repository\org\junit\platform\junit-platform-engine\1.7.1\junit-platform-engine-1.7.1.jar;C:\Users\Sneid\.m2\repository\org\mockito\mockito-core\3.6.28\mockito-core-3.6.28.jar;C:\Users\Sneid\.m2\repository\net\bytebuddy\byte-buddy\1.10.22\byte-buddy-1.10.22.jar;C:\Users\Sneid\.m2\repository\net\bytebuddy\byte-buddy-agent\1.10.22\byte-buddy-agent-1.10.22.jar;C:\Users\Sneid\.m2\repository\org\objenesis\objenesis\3.1\objenesis-3.1.jar;C:\Users\Sneid\.m2\repository\org\mockito\mockito-junit-jupiter\3.6.28\mockito-junit-jupiter-3.6.28.jar;C:\Users\Sneid\.m2\repository\org\skyscreamer\jsonassert\1.5.0\jsonassert-1.5.0.jar;C:\Users\Sneid\.m2\repository\com\vaadin\external\google\android-json\0.0.20131108.vaadin1\android-json-0.0.20131108.vaadin1.jar;C:\Users\Sneid\.m2\repository\org\springframework\spring-core\5.3.5\spring-core-5.3.5.jar;C:\Users\Sneid\.m2\repository\org\springframework\spring-jcl\5.3.5\spring-jcl-5.3.5.jar;C:\Users\Sneid\.m2\repository\org\springframework\spring-test\5.3.5\spring-test-5.3.5.jar;C:\Users\Sneid\.m2\repository\org\xmlunit\xmlunit-core\2.7.0\xmlunit-core-2.7.0.jar;C:\Users\Sneid\.m2\repository\org\springframework\boot\spring-boot-starter-data-jpa\2.4.4\spring-boot-starter-data-jpa-2.4.4.jar;C:\Users\Sneid\.m2\repository\org\springframework\boot\spring-boot-starter-aop\2.4.4\spring-boot-starter-aop-2.4.4.jar;C:\Users\Sneid\.m2\repository\org\aspectj\aspectjweaver\1.9.6\aspectjweaver-1.9.6.jar;C:\Users\Sneid\.m2\repository\org\springframework\boot\spring-boot-starter-jdbc\2.4.4\spring-boot-starter-jdbc-2.4.4.jar;C:\Users\Sneid\.m2\repository\org\springframework\spring-jdbc\5.3.5\spring-jdbc-5.3.5.jar;C:\Users\Sneid\.m2\repository\jakarta\transaction\jakarta.transaction-api\1.3.3\jakarta.transaction-api-1.3.3.jar;C:\Users\Sneid\.m2\repository\jakarta\persistence\jakarta.persistence-api\2.2.3\jakarta.persistence-api-2.2.3.jar;C:\Users\Sneid\.m2\repository\org\hibernate\hibernate-core\5.4.29.Final\hibernate-core-5.4.29.Final.jar;C:\Users\Sneid\.m2\repository\org\jboss\logging\jboss-logging\3.4.1.Final\jboss-logging-3.4.1.Final.jar;C:\Users\Sneid\.m2\repository\org\javassist\javassist\3.27.0-GA\javassist-3.27.0-GA.jar;C:\Users\Sneid\.m2\repository\antlr\antlr\2.7.7\antlr-2.7.7.jar;C:\Users\Sneid\.m2\repository\org\jboss\jandex\2.2.3.Final\jandex-2.2.3.Final.jar;C:\Users\Sneid\.m2\repository\org\dom4j\dom4j\2.1.3\dom4j-2.1.3.jar;C:\Users\Sneid\.m2\repository\org\hibernate\common\hibernate-commons-annotations\5.1.2.Final\hibernate-commons-annotations-5.1.2.Final.jar;C:\Users\Sneid\.m2\repository\org\glassfish\jaxb\jaxb-runtime\2.3.3\jaxb-runtime-2.3.3.jar;C:\Users\Sneid\.m2\repository\org\glassfish\jaxb\txw2\2.3.3\txw2-2.3.3.jar;C:\Users\Sneid\.m2\repository\com\sun\istack\istack-commons-runtime\3.0.11\istack-commons-runtime-3.0.11.jar;C:\Users\Sneid\.m2\repository\com\sun\activation\jakarta.activation\1.2.2\jakarta.activation-1.2.2.jar;C:\Users\Sneid\.m2\repository\org\springframework\data\spring-data-jpa\2.4.6\spring-data-jpa-2.4.6.jar;C:\Users\Sneid\.m2\repository\org\springframework\data\spring-data-commons\2.4.6\spring-data-commons-2.4.6.jar;C:\Users\Sneid\.m2\repository\org\springframework\spring-orm\5.3.5\spring-orm-5.3.5.jar;C:\Users\Sneid\.m2\repository\org\springframework\spring-tx\5.3.5\spring-tx-5.3.5.jar;C:\Users\Sneid\.m2\repository\org\springframework\spring-aspects\5.3.5\spring-aspects-5.3.5.jar;C:\Users\Sneid\.m2\repository\org\postgresql\postgresql\42.6.0\postgresql-42.6.0.jar;C:\Users\Sneid\.m2\repository\org\checkerframework\checker-qual\3.31.0\checker-qual-3.31.0.jar;C:\Users\Sneid\.m2\repository\com\zaxxer\HikariCP\3.4.5\HikariCP-3.4.5.jar;C:\Users\Sneid\.m2\repository\org\slf4j\slf4j-api\1.7.30\slf4j-api-1.7.30.jar;C:\Users\Sneid\.m2\repository\io\springfox\springfox-swagger2\2.9.2\springfox-swagger2-2.9.2.jar;C:\Users\Sneid\.m2\repository\io\swagger\swagger-annotations\1.5.20\swagger-annotations-1.5.20.jar;C:\Users\Sneid\.m2\repository\io\swagger\swagger-models\1.5.20\swagger-models-1.5.20.jar;C:\Users\Sneid\.m2\repository\com\fasterxml\jackson\core\jackson-annotations\2.11.4\jackson-annotations-2.11.4.jar;C:\Users\Sneid\.m2\repository\io\springfox\springfox-spi\2.9.2\springfox-spi-2.9.2.jar;C:\Users\Sneid\.m2\repository\io\springfox\springfox-core\2.9.2\springfox-core-2.9.2.jar;C:\Users\Sneid\.m2\repository\io\springfox\springfox-schema\2.9.2\springfox-schema-2.9.2.jar;C:\Users\Sneid\.m2\repository\io\springfox\springfox-swagger-common\2.9.2\springfox-swagger-common-2.9.2.jar;C:\Users\Sneid\.m2\repository\io\springfox\springfox-spring-web\2.9.2\springfox-spring-web-2.9.2.jar;C:\Users\Sneid\.m2\repository\com\google\guava\guava\20.0\guava-20.0.jar;C:\Users\Sneid\.m2\repository\com\fasterxml\classmate\1.5.1\classmate-1.5.1.jar;C:\Users\Sneid\.m2\repository\org\springframework\plugin\spring-plugin-core\1.2.0.RELEASE\spring-plugin-core-1.2.0.RELEASE.jar;C:\Users\Sneid\.m2\repository\org\springframework\plugin\spring-plugin-metadata\1.2.0.RELEASE\spring-plugin-metadata-1.2.0.RELEASE.jar;C:\Users\Sneid\.m2\repository\org\mapstruct\mapstruct\1.2.0.Final\mapstruct-1.2.0.Final.jar;C:\Users\Sneid\.m2\repository\io\springfox\springfox-swagger-ui\2.9.2\springfox-swagger-ui-2.9.2.jar;C:\Users\Sneid\.m2\repository\mysql\mysql-connector-java\8.0.26\mysql-connector-java-8.0.26.jar;C:\Users\Sneid\.m2\repository\org\projectlombok\lombok\1.18.26\lombok-1.18.26.jar;C:\Users\Sneid\.m2\repository\jakarta\validation\jakarta.validation-api\3.0.2\jakarta.validation-api-3.0.2.jar;C:\Users\Sneid\.m2\repository\junit\junit\4.13.2\junit-4.13.2.jar;C:\Users\Sneid\.m2\repository\org\hamcrest\hamcrest-core\2.2\hamcrest-core-2.2.jar;C:\Users\Sneid\.m2\repository\org\jacoco\jacoco-maven-plugin\0.8.9\jacoco-maven-plugin-0.8.9.jar;C:\Users\Sneid\.m2\repository\org\codehaus\plexus\plexus-utils\3.0.24\plexus-utils-3.0.24.jar;C:\Users\Sneid\.m2\repository\org\apache\maven\shared\file-management\1.2.1\file-management-1.2.1.jar;C:\Users\Sneid\.m2\repository\org\apache\maven\maven-plugin-api\2.0.6\maven-plugin-api-2.0.6.jar;C:\Users\Sneid\.m2\repository\org\apache\maven\shared\maven-shared-io\1.1\maven-shared-io-1.1.jar;C:\Users\Sneid\.m2\repository\org\apache\maven\maven-artifact\2.0.2\maven-artifact-2.0.2.jar;C:\Users\Sneid\.m2\repository\org\apache\maven\maven-artifact-manager\2.0.2\maven-artifact-manager-2.0.2.jar;C:\Users\Sneid\.m2\repository\org\apache\maven\maven-repository-metadata\2.0.2\maven-repository-metadata-2.0.2.jar;C:\Users\Sneid\.m2\repository\org\apache\maven\wagon\wagon-provider-api\1.0-alpha-6\wagon-provider-api-1.0-alpha-6.jar;C:\Users\Sneid\.m2\repository\org\codehaus\plexus\plexus-container-default\1.0-alpha-9\plexus-container-default-1.0-alpha-9.jar;C:\Users\Sneid\.m2\repository\classworlds\classworlds\1.1-alpha-2\classworlds-1.1-alpha-2.jar;C:\Users\Sneid\.m2\repository\org\apache\maven\reporting\maven-reporting-api\3.0\maven-reporting-api-3.0.jar;C:\Users\Sneid\.m2\repository\org\apache\maven\doxia\doxia-sink-api\1.0\doxia-sink-api-1.0.jar;C:\Users\Sneid\.m2\repository\org\jacoco\org.jacoco.agent\0.8.9\org.jacoco.agent-0.8.9-runtime.jar;C:\Users\Sneid\.m2\repository\org\jacoco\org.jacoco.core\0.8.9\org.jacoco.core-0.8.9.jar;C:\Users\Sneid\.m2\repository\org\ow2\asm\asm\9.5\asm-9.5.jar;C:\Users\Sneid\.m2\repository\org\ow2\asm\asm-commons\9.5\asm-commons-9.5.jar;C:\Users\Sneid\.m2\repository\org\ow2\asm\asm-tree\9.5\asm-tree-9.5.jar;C:\Users\Sneid\.m2\repository\org\jacoco\org.jacoco.report\0.8.9\org.jacoco.report-0.8.9.jar;C:\Users\Sneid\.m2\repository\org\sonarsource\scanner\maven\sonar-maven-plugin\3.9.1.2184\sonar-maven-plugin-3.9.1.2184.jar;C:\Users\Sneid\.m2\repository\org\sonatype\plexus\plexus-sec-dispatcher\1.4\plexus-sec-dispatcher-1.4.jar;C:\Users\Sneid\.m2\repository\org\sonatype\plexus\plexus-cipher\1.4\plexus-cipher-1.4.jar;C:\Users\Sneid\.m2\repository\org\sonarsource\scanner\api\sonar-scanner-api\2.16.2.588\sonar-scanner-api-2.16.2.588.jar;C:\Users\Sneid\.m2\repository\commons-lang\commons-lang\2.6\commons-lang-2.6.jar;"/>
    <property name="sun.cpu.endian" value="little"/>
    <property name="user.home" value="C:\Users\Sneid"/>
    <property name="user.language" value="es"/>
    <property name="java.specification.vendor" value="Oracle Corporation"/>
    <property name="java.version.date" value="2022-01-18"/>
    <property name="java.home" value="C:\Program Files\Eclipse Adoptium\jdk-17.0.2.8-hotspot"/>
    <property name="file.separator" value="\"/>
    <property name="basedir" value="C:\Users\Sneid\Desktop\Proyecto Integrador I\Prueba final\tour-of-heroes-api"/>
    <property name="java.vm.compressedOopsMode" value="Zero based"/>
    <property name="line.separator" value="&#10;"/>
    <property name="java.vm.specification.vendor" value="Oracle Corporation"/>
    <property name="java.specification.name" value="Java Platform API Specification"/>
    <property name="surefire.real.class.path" value="C:\Users\Sneid\AppData\Local\Temp\surefire2345396466097538842\surefirebooter5238549402701684343.jar"/>
    <property name="user.script" value=""/>
    <property name="sun.management.compiler" value="HotSpot 64-Bit Tiered Compilers"/>
    <property name="java.runtime.version" value="17.0.2+8"/>
    <property name="user.name" value="Sneid"/>
    <property name="path.separator" value=";"/>
    <property name="os.version" value="10.0"/>
    <property name="java.runtime.name" value="OpenJDK Runtime Environment"/>
    <property name="file.encoding" value="Cp1252"/>
    <property name="java.vm.name" value="OpenJDK 64-Bit Server VM"/>
    <property name="java.vendor.version" value="Temurin-17.0.2+8"/>
    <property name="localRepository" value="C:\Users\Sneid\.m2\repository"/>
    <property name="java.vendor.url.bug" value="https://github.com/adoptium/adoptium-support/issues"/>
    <property name="java.io.tmpdir" value="C:\Users\Sneid\AppData\Local\Temp\"/>
    <property name="sonar.token" value="ee472d1fc16126148c8737592d03a2821d12b025"/>
    <property name="java.version" value="17.0.2"/>
    <property name="user.dir" value="C:\Users\Sneid\Desktop\Proyecto Integrador I\Prueba final\tour-of-heroes-api"/>
    <property name="os.arch" value="amd64"/>
    <property name="java.vm.specification.name" value="Java Virtual Machine Specification"/>
    <property name="sonar.organization" value="esneiderssj"/>
    <property name="sun.os.patch.level" value=""/>
    <property name="native.encoding" value="Cp1252"/>
    <property name="sonar.projectKey" value="UdeA-rediensE_apirest-sonarcloud"/>
    <property name="java.library.path" value="C:\Program Files\Eclipse Adoptium\jdk-17.0.2.8-hotspot\bin;C:\WINDOWS\Sun\Java\bin;C:\WINDOWS\system32;C:\WINDOWS;C:\Program Files\Git\mingw64\bin;C:\Program Files\Git\usr\bin;C:\Users\Sneid\bin;C:\WINDOWS\system32;C:\WINDOWS;C:\WINDOWS\System32\Wbem;C:\WINDOWS\System32\WindowsPowerShell\v1.0;C:\WINDOWS\System32\OpenSSH;C:\ProgramData\chocolatey\bin;C:\Program Files\Eclipse Adoptium\jdk-17.0.2.8-hotspot\bin;C:\Program Files\Maven\bin;C:\Program Files\Gradle\gradle-7.5\bin;C:\Users\Sneid\AppData\Roaming\npm;C:\Program Files\dotnet;C:\Program Files\Microsoft SQL Server\Client SDK\ODBC\170\Tools\Binn;C:\Program Files (x86)\Microsoft SQL Server\150\Tools\Binn;C:\Program Files\Microsoft SQL Server\150\Tools\Binn;C:\Program Files\Microsoft SQL Server\150\DTS\Binn;C:\Program Files (x86)\Microsoft SQL Server\150\DTS\Binn;C:\Program Files\Azure Data Studio\bin;C:\tools\cygwin\bin;C:\Program Files\nodejs;C:\Program Files\Cloudflare\Cloudflare WARP;C:\Program Files\Git\cmd;C:\Users\Sneid\AppData\Local\Programs\Python\Python310\Scripts;C:\Users\Sneid\AppData\Local\Programs\Python\Python310;C:\Users\Sneid\AppData\Local\Microsoft\WindowsApps;C:\Program Files\Oracle\VirtualBox;C:\Users\Sneid\AppData\Local\Programs\Microsoft VS Code\bin;C:\Program Files\JetBrains\IntelliJ IDEA 2021.3.3\bin;C:\Users\Sneid\spicetify-cli;C:\Users\Sneid\AppData\Local\Microsoft\WindowsApps;C:\Users\Sneid\AppData\Local\Programs\oh-my-posh\bin;C:\Program Files\Azure Data Studio\bin;C:\Program Files\PHP;C:\tools\neovim\nvim-win64\bin;C:\ProgramData\chocolatey\lib\mingw\tools\install\mingw64\bin;C:\Users\Sneid\AppData\Roaming\npm;C:\Program Files\JetBrains\WebStorm 2022.3.2\bin;C:\Users\Sneid\AppData\Local\Programs\MiKTeX\miktex\bin\x64;C:\Program Files\JetBrains\CLion 2023.1\bin;."/>
    <property name="java.vm.info" value="mixed mode, sharing"/>
    <property name="java.vendor" value="Eclipse Adoptium"/>
    <property name="java.vm.version" value="17.0.2+8"/>
    <property name="sun.io.unicode.encoding" value="UnicodeLittle"/>
    <property name="java.class.version" value="61.0"/>
  </properties>
  <testcase name="addHero" classname="co.udea.api.hero.service.HeroServiceTest" time="1.19"/>
  <testcase name="updateHero" classname="co.udea.api.hero.service.HeroServiceTest" time="0.003"/>
  <testcase name="searchHeroes" classname="co.udea.api.hero.service.HeroServiceTest" time="0.003"/>
  <testcase name="getHero" classname="co.udea.api.hero.service.HeroServiceTest" time="0.002"/>
  <testcase name="getHeroes" classname="co.udea.api.hero.service.HeroServiceTest" time="0.003"/>
  <testcase name="deleteHero" classname="co.udea.api.hero.service.HeroServiceTest" time="0.01"/>
</testsuite>